# JRE version: OpenJDK Runtime Environment Temurin-17.0.5+8 (17.0.5+8) (build 17.0.5+8)
# Java VM: OpenJDK 64-Bit Server VM Temurin-17.0.5+8 (17.0.5+8, mixed mode, tiered, compressed oops, compressed class ptrs, parallel gc, windows-amd64)
GC Precious Log:
 CPUs: 8 total, 8 available
 Memory: 15980M
 Large Page Support: Disabled
 NUMA Support: Disabled
 Compressed Oops: Enabled (32-bit)
 Alignments: Space 512K, Generation 512K, Heap 2M
 Heap Min Capacity: 100M
 Heap Initial Capacity: 100M
 Heap Max Capacity: 1G
 Pre-touch: Disabled
 Parallel Workers: 8
Heap:
 PSYoungGen      total 8192K, used 6443K [0x00000000eab00000, 0x00000000eb880000, 0x0000000100000000)
  eden space 4096K, 59% used [0x00000000eab00000,0x00000000ead5e538,0x00000000eaf00000)
  from space 4096K, 98% used [0x00000000eb480000,0x00000000eb86c7c0,0x00000000eb880000)
  to   space 4608K, 0% used [0x00000000eaf80000,0x00000000eaf80000,0x00000000eb400000)
 ParOldGen       total 339456K, used 329030K [0x00000000c0000000, 0x00000000d4b80000, 0x00000000eab00000)
  object space 339456K, 96% used [0x00000000c0000000,0x00000000d4151a38,0x00000000d4b80000)
 Metaspace       used 70200K, committed 71296K, reserved 1114112K
  class space    used 7416K, committed 7872K, reserved 1048576K
GC Heap History (20 events):
Event: 40.411 GC heap before
{Heap before GC invocations=630 (full 21):
 PSYoungGen      total 6144K, used 5856K [0x00000000eab00000, 0x00000000eb280000, 0x0000000100000000)
  eden space 4608K, 100% used [0x00000000eab00000,0x00000000eaf80000,0x00000000eaf80000)
  from space 1536K, 81% used [0x00000000eb100000,0x00000000eb238000,0x00000000eb280000)
  to   space 1536K, 0% used [0x00000000eaf80000,0x00000000eaf80000,0x00000000eb100000)
 ParOldGen       total 339456K, used 324990K [0x00000000c0000000, 0x00000000d4b80000, 0x00000000eab00000)
  object space 339456K, 95% used [0x00000000c0000000,0x00000000d3d5fa28,0x00000000d4b80000)
 Metaspace       used 69841K, committed 70976K, reserved 1114112K
  class space    used 7402K, committed 7808K, reserved 1048576K
}
Event: 40.413 GC heap after
{Heap after GC invocations=630 (full 21):
 PSYoungGen      total 6144K, used 1536K [0x00000000eab00000, 0x00000000eb400000, 0x0000000100000000)
  eden space 4608K, 0% used [0x00000000eab00000,0x00000000eab00000,0x00000000eaf80000)
  from space 1536K, 100% used [0x00000000eaf80000,0x00000000eb100000,0x00000000eb100000)
  to   space 2048K, 0% used [0x00000000eb200000,0x00000000eb200000,0x00000000eb400000)
 ParOldGen       total 339456K, used 324990K [0x00000000c0000000, 0x00000000d4b80000, 0x00000000eab00000)
  object space 339456K, 95% used [0x00000000c0000000,0x00000000d3d5fa28,0x00000000d4b80000)
 Metaspace       used 69841K, committed 70976K, reserved 1114112K
  class space    used 7402K, committed 7808K, reserved 1048576K
}
Event: 40.430 GC heap before
{Heap before GC invocations=631 (full 21):
 PSYoungGen      total 6144K, used 6144K [0x00000000eab00000, 0x00000000eb400000, 0x0000000100000000)
  eden space 4608K, 100% used [0x00000000eab00000,0x00000000eaf80000,0x00000000eaf80000)
  from space 1536K, 100% used [0x00000000eaf80000,0x00000000eb100000,0x00000000eb100000)
  to   space 2048K, 0% used [0x00000000eb200000,0x00000000eb200000,0x00000000eb400000)
 ParOldGen       total 339456K, used 324990K [0x00000000c0000000, 0x00000000d4b80000, 0x00000000eab00000)
  object space 339456K, 95% used [0x00000000c0000000,0x00000000d3d5fa28,0x00000000d4b80000)
 Metaspace       used 69848K, committed 70976K, reserved 1114112K
  class space    used 7402K, committed 7808K, reserved 1048576K
}
Event: 40.432 GC heap after
{Heap after GC invocations=631 (full 21):
 PSYoungGen      total 7168K, used 1792K [0x00000000eab00000, 0x00000000eb400000, 0x0000000100000000)
  eden space 5120K, 0% used [0x00000000eab00000,0x00000000eab00000,0x00000000eb000000)
  from space 2048K, 87% used [0x00000000eb200000,0x00000000eb3c0000,0x00000000eb400000)
  to   space 2048K, 0% used [0x00000000eb000000,0x00000000eb000000,0x00000000eb200000)
 ParOldGen       total 339456K, used 324990K [0x00000000c0000000, 0x00000000d4b80000, 0x00000000eab00000)
  object space 339456K, 95% used [0x00000000c0000000,0x00000000d3d5fa28,0x00000000d4b80000)
 Metaspace       used 69848K, committed 70976K, reserved 1114112K
  class space    used 7402K, committed 7808K, reserved 1048576K
}
Event: 40.446 GC heap before
{Heap before GC invocations=632 (full 21):
 PSYoungGen      total 7168K, used 6912K [0x00000000eab00000, 0x00000000eb400000, 0x0000000100000000)
  eden space 5120K, 100% used [0x00000000eab00000,0x00000000eb000000,0x00000000eb000000)
  from space 2048K, 87% used [0x00000000eb200000,0x00000000eb3c0000,0x00000000eb400000)
  to   space 2048K, 0% used [0x00000000eb000000,0x00000000eb000000,0x00000000eb200000)
 ParOldGen       total 339456K, used 324990K [0x00000000c0000000, 0x00000000d4b80000, 0x00000000eab00000)
  object space 339456K, 95% used [0x00000000c0000000,0x00000000d3d5fa28,0x00000000d4b80000)
 Metaspace       used 69852K, committed 70976K, reserved 1114112K
  class space    used 7402K, committed 7808K, reserved 1048576K
}
Event: 40.448 GC heap after
{Heap after GC invocations=632 (full 21):
 PSYoungGen      total 7168K, used 2032K [0x00000000eab00000, 0x00000000eb580000, 0x0000000100000000)
  eden space 5120K, 0% used [0x00000000eab00000,0x00000000eab00000,0x00000000eb000000)
  from space 2048K, 99% used [0x00000000eb000000,0x00000000eb1fc0c8,0x00000000eb200000)
  to   space 2560K, 0% used [0x00000000eb300000,0x00000000eb300000,0x00000000eb580000)
 ParOldGen       total 339456K, used 325206K [0x00000000c0000000, 0x00000000d4b80000, 0x00000000eab00000)
  object space 339456K, 95% used [0x00000000c0000000,0x00000000d3d95a28,0x00000000d4b80000)
 Metaspace       used 69852K, committed 70976K, reserved 1114112K
  class space    used 7402K, committed 7808K, reserved 1048576K
}
Event: 40.480 GC heap before
{Heap before GC invocations=633 (full 21):
 PSYoungGen      total 7168K, used 7152K [0x00000000eab00000, 0x00000000eb580000, 0x0000000100000000)
  eden space 5120K, 100% used [0x00000000eab00000,0x00000000eb000000,0x00000000eb000000)
  from space 2048K, 99% used [0x00000000eb000000,0x00000000eb1fc0c8,0x00000000eb200000)
  to   space 2560K, 0% used [0x00000000eb300000,0x00000000eb300000,0x00000000eb580000)
 ParOldGen       total 339456K, used 325206K [0x00000000c0000000, 0x00000000d4b80000, 0x00000000eab00000)
  object space 339456K, 95% used [0x00000000c0000000,0x00000000d3d95a28,0x00000000d4b80000)
 Metaspace       used 69937K, committed 70976K, reserved 1114112K
  class space    used 7412K, committed 7808K, reserved 1048576K
}
Event: 40.482 GC heap after
{Heap after GC invocations=633 (full 21):
 PSYoungGen      total 6656K, used 2545K [0x00000000eab00000, 0x00000000eb880000, 0x0000000100000000)
  eden space 4096K, 0% used [0x00000000eab00000,0x00000000eab00000,0x00000000eaf00000)
  from space 2560K, 99% used [0x00000000eb300000,0x00000000eb57c5e8,0x00000000eb580000)
  to   space 4096K, 0% used [0x00000000eaf00000,0x00000000eaf00000,0x00000000eb300000)
 ParOldGen       total 339456K, used 326070K [0x00000000c0000000, 0x00000000d4b80000, 0x00000000eab00000)
  object space 339456K, 96% used [0x00000000c0000000,0x00000000d3e6da28,0x00000000d4b80000)
 Metaspace       used 69937K, committed 70976K, reserved 1114112K
  class space    used 7412K, committed 7808K, reserved 1048576K
}
Event: 40.559 GC heap before
{Heap before GC invocations=634 (full 21):
 PSYoungGen      total 6656K, used 6641K [0x00000000eab00000, 0x00000000eb880000, 0x0000000100000000)
  eden space 4096K, 100% used [0x00000000eab00000,0x00000000eaf00000,0x00000000eaf00000)
  from space 2560K, 99% used [0x00000000eb300000,0x00000000eb57c5e8,0x00000000eb580000)
  to   space 4096K, 0% used [0x00000000eaf00000,0x00000000eaf00000,0x00000000eb300000)
 ParOldGen       total 339456K, used 326070K [0x00000000c0000000, 0x00000000d4b80000, 0x00000000eab00000)
  object space 339456K, 96% used [0x00000000c0000000,0x00000000d3e6da28,0x00000000d4b80000)
 Metaspace       used 69944K, committed 71040K, reserved 1114112K
  class space    used 7412K, committed 7808K, reserved 1048576K
}
Event: 40.564 GC heap after
{Heap after GC invocations=634 (full 21):
 PSYoungGen      total 8192K, used 3473K [0x00000000eab00000, 0x00000000eb680000, 0x0000000100000000)
  eden space 4096K, 0% used [0x00000000eab00000,0x00000000eab00000,0x00000000eaf00000)
  from space 4096K, 84% used [0x00000000eaf00000,0x00000000eb2645e8,0x00000000eb300000)
  to   space 3584K, 0% used [0x00000000eb300000,0x00000000eb300000,0x00000000eb680000)
 ParOldGen       total 339456K, used 326494K [0x00000000c0000000, 0x00000000d4b80000, 0x00000000eab00000)
  object space 339456K, 96% used [0x00000000c0000000,0x00000000d3ed7a28,0x00000000d4b80000)
 Metaspace       used 69944K, committed 71040K, reserved 1114112K
  class space    used 7412K, committed 7808K, reserved 1048576K
}
Event: 40.607 GC heap before
{Heap before GC invocations=635 (full 21):
 PSYoungGen      total 8192K, used 7569K [0x00000000eab00000, 0x00000000eb680000, 0x0000000100000000)
  eden space 4096K, 100% used [0x00000000eab00000,0x00000000eaf00000,0x00000000eaf00000)
  from space 4096K, 84% used [0x00000000eaf00000,0x00000000eb2645e8,0x00000000eb300000)
  to   space 3584K, 0% used [0x00000000eb300000,0x00000000eb300000,0x00000000eb680000)
 ParOldGen       total 339456K, used 326494K [0x00000000c0000000, 0x00000000d4b80000, 0x00000000eab00000)
  object space 339456K, 96% used [0x00000000c0000000,0x00000000d3ed7a28,0x00000000d4b80000)
 Metaspace       used 69949K, committed 71104K, reserved 1114112K
  class space    used 7414K, committed 7872K, reserved 1048576K
}
Event: 40.609 GC heap after
{Heap after GC invocations=635 (full 21):
 PSYoungGen      total 7168K, used 3562K [0x00000000eab00000, 0x00000000eb880000, 0x0000000100000000)
  eden space 3584K, 0% used [0x00000000eab00000,0x00000000eab00000,0x00000000eae80000)
  from space 3584K, 99% used [0x00000000eb300000,0x00000000eb67aa18,0x00000000eb680000)
  to   space 4608K, 0% used [0x00000000eae80000,0x00000000eae80000,0x00000000eb300000)
 ParOldGen       total 339456K, used 327030K [0x00000000c0000000, 0x00000000d4b80000, 0x00000000eab00000)
  object space 339456K, 96% used [0x00000000c0000000,0x00000000d3f5da28,0x00000000d4b80000)
 Metaspace       used 69949K, committed 71104K, reserved 1114112K
  class space    used 7414K, committed 7872K, reserved 1048576K
}
Event: 40.632 GC heap before
{Heap before GC invocations=636 (full 21):
 PSYoungGen      total 7168K, used 7146K [0x00000000eab00000, 0x00000000eb880000, 0x0000000100000000)
  eden space 3584K, 100% used [0x00000000eab00000,0x00000000eae80000,0x00000000eae80000)
  from space 3584K, 99% used [0x00000000eb300000,0x00000000eb67aa18,0x00000000eb680000)
  to   space 4608K, 0% used [0x00000000eae80000,0x00000000eae80000,0x00000000eb300000)
 ParOldGen       total 339456K, used 327030K [0x00000000c0000000, 0x00000000d4b80000, 0x00000000eab00000)
  object space 339456K, 96% used [0x00000000c0000000,0x00000000d3f5da28,0x00000000d4b80000)
 Metaspace       used 69972K, committed 71104K, reserved 1114112K
  class space    used 7415K, committed 7872K, reserved 1048576K
}
Event: 40.635 GC heap after
{Heap after GC invocations=636 (full 21):
 PSYoungGen      total 8192K, used 3505K [0x00000000eab00000, 0x00000000eb700000, 0x0000000100000000)
  eden space 3584K, 0% used [0x00000000eab00000,0x00000000eab00000,0x00000000eae80000)
  from space 4608K, 76% used [0x00000000eae80000,0x00000000eb1ec5e8,0x00000000eb300000)
  to   space 4096K, 0% used [0x00000000eb300000,0x00000000eb300000,0x00000000eb700000)
 ParOldGen       total 339456K, used 327566K [0x00000000c0000000, 0x00000000d4b80000, 0x00000000eab00000)
  object space 339456K, 96% used [0x00000000c0000000,0x00000000d3fe3a38,0x00000000d4b80000)
 Metaspace       used 69972K, committed 71104K, reserved 1114112K
  class space    used 7415K, committed 7872K, reserved 1048576K
}
Event: 40.683 GC heap before
{Heap before GC invocations=637 (full 21):
 PSYoungGen      total 8192K, used 7089K [0x00000000eab00000, 0x00000000eb700000, 0x0000000100000000)
  eden space 3584K, 100% used [0x00000000eab00000,0x00000000eae80000,0x00000000eae80000)
  from space 4608K, 76% used [0x00000000eae80000,0x00000000eb1ec5e8,0x00000000eb300000)
  to   space 4096K, 0% used [0x00000000eb300000,0x00000000eb300000,0x00000000eb700000)
 ParOldGen       total 339456K, used 327566K [0x00000000c0000000, 0x00000000d4b80000, 0x00000000eab00000)
  object space 339456K, 96% used [0x00000000c0000000,0x00000000d3fe3a38,0x00000000d4b80000)
 Metaspace       used 70115K, committed 71232K, reserved 1114112K
  class space    used 7416K, committed 7872K, reserved 1048576K
}
Event: 40.685 GC heap after
{Heap after GC invocations=637 (full 21):
 PSYoungGen      total 7680K, used 4081K [0x00000000eab00000, 0x00000000eb800000, 0x0000000100000000)
  eden space 3584K, 0% used [0x00000000eab00000,0x00000000eab00000,0x00000000eae80000)
  from space 4096K, 99% used [0x00000000eb300000,0x00000000eb6fc5e8,0x00000000eb700000)
  to   space 4608K, 0% used [0x00000000eae80000,0x00000000eae80000,0x00000000eb300000)
 ParOldGen       total 339456K, used 327566K [0x00000000c0000000, 0x00000000d4b80000, 0x00000000eab00000)
  object space 339456K, 96% used [0x00000000c0000000,0x00000000d3fe3a38,0x00000000d4b80000)
 Metaspace       used 70115K, committed 71232K, reserved 1114112K
  class space    used 7416K, committed 7872K, reserved 1048576K
}
Event: 40.724 GC heap before
{Heap before GC invocations=638 (full 21):
 PSYoungGen      total 7680K, used 7665K [0x00000000eab00000, 0x00000000eb800000, 0x0000000100000000)
  eden space 3584K, 100% used [0x00000000eab00000,0x00000000eae80000,0x00000000eae80000)
  from space 4096K, 99% used [0x00000000eb300000,0x00000000eb6fc5e8,0x00000000eb700000)
  to   space 4608K, 0% used [0x00000000eae80000,0x00000000eae80000,0x00000000eb300000)
 ParOldGen       total 339456K, used 327566K [0x00000000c0000000, 0x00000000d4b80000, 0x00000000eab00000)
  object space 339456K, 96% used [0x00000000c0000000,0x00000000d3fe3a38,0x00000000d4b80000)
 Metaspace       used 70172K, committed 71296K, reserved 1114112K
  class space    used 7416K, committed 7872K, reserved 1048576K
}
Event: 40.727 GC heap after
{Heap after GC invocations=638 (full 21):
 PSYoungGen      total 8192K, used 4579K [0x00000000eab00000, 0x00000000eba00000, 0x0000000100000000)
  eden space 3584K, 0% used [0x00000000eab00000,0x00000000eab00000,0x00000000eae80000)
  from space 4608K, 99% used [0x00000000eae80000,0x00000000eb2f8cd0,0x00000000eb300000)
  to   space 5632K, 0% used [0x00000000eb480000,0x00000000eb480000,0x00000000eba00000)
 ParOldGen       total 339456K, used 328110K [0x00000000c0000000, 0x00000000d4b80000, 0x00000000eab00000)
  object space 339456K, 96% used [0x00000000c0000000,0x00000000d406ba38,0x00000000d4b80000)
 Metaspace       used 70172K, committed 71296K, reserved 1114112K
  class space    used 7416K, committed 7872K, reserved 1048576K
}
Event: 40.739 GC heap before
{Heap before GC invocations=639 (full 21):
 PSYoungGen      total 8192K, used 8163K [0x00000000eab00000, 0x00000000eba00000, 0x0000000100000000)
  eden space 3584K, 100% used [0x00000000eab00000,0x00000000eae80000,0x00000000eae80000)
  from space 4608K, 99% used [0x00000000eae80000,0x00000000eb2f8cd0,0x00000000eb300000)
  to   space 5632K, 0% used [0x00000000eb480000,0x00000000eb480000,0x00000000eba00000)
 ParOldGen       total 339456K, used 328110K [0x00000000c0000000, 0x00000000d4b80000, 0x00000000eab00000)
  object space 339456K, 96% used [0x00000000c0000000,0x00000000d406ba38,0x00000000d4b80000)
 Metaspace       used 70179K, committed 71296K, reserved 1114112K
  class space    used 7416K, committed 7872K, reserved 1048576K
}
Event: 40.744 GC heap after
{Heap after GC invocations=639 (full 21):
 PSYoungGen      total 8192K, used 4017K [0x00000000eab00000, 0x00000000eb880000, 0x0000000100000000)
  eden space 4096K, 0% used [0x00000000eab00000,0x00000000eab00000,0x00000000eaf00000)
  from space 4096K, 98% used [0x00000000eb480000,0x00000000eb86c7c0,0x00000000eb880000)
  to   space 4608K, 0% used [0x00000000eaf80000,0x00000000eaf80000,0x00000000eb400000)
 ParOldGen       total 339456K, used 329030K [0x00000000c0000000, 0x00000000d4b80000, 0x00000000eab00000)
  object space 339456K, 96% used [0x00000000c0000000,0x00000000d4151a38,0x00000000d4b80000)
 Metaspace       used 70179K, committed 71296K, reserved 1114112K
  class space    used 7416K, committed 7872K, reserved 1048576K
}

